<?xml version="1.0" encoding="UTF-8"?>
<!-- Generated by org.testng.reporters.JUnitReportReporter -->
<testsuite hostname="LAPTOP-RNTFED1U" failures="0" tests="2" name="Academy.HomePage" time="13.137" errors="0" timestamp="2022-01-07T01:15:05 IST" skipped="0">
  <testcase classname="Academy.HomePage" name="basePageNavigation" time="10.329"/>
  <system-out/>
  <testcase classname="Academy.HomePage" name="basePageNavigation" time="2.808"/>
  <system-out/>
</testsuite> <!-- Academy.HomePage -->
